Using Python 3.12.3 environment at: .infsh/.venv
Resolved 71 packages in 59ms
   Building flash-attn==2.7.4.post1
  × Failed to build `flash-attn==2.7.4.post1`
  ├─▶ The build backend returned an error
  ╰─▶ Call to `setuptools.build_meta:__legacy__.build_wheel` failed (exit
      status: 1)

      [stderr]
      Traceback (most recent call last):
        File "<string>", line 14, in <module>
        File
      "/root/.cache/uv/builds-v0/.tmpKe6yC8/lib/python3.12/site-packages/setuptools/build_meta.py",
      line 334, in get_requires_for_build_wheel
          return self._get_build_requires(config_settings, requirements=[])
                 ^^^^^^^^^^^^^^^^^^^^^^^^^^^^^^^^^^^^^^^^^^^^^^^^^^^^^^^^^^
        File
      "/root/.cache/uv/builds-v0/.tmpKe6yC8/lib/python3.12/site-packages/setuptools/build_meta.py",
      line 304, in _get_build_requires
          self.run_setup()
        File
      "/root/.cache/uv/builds-v0/.tmpKe6yC8/lib/python3.12/site-packages/setuptools/build_meta.py",
      line 522, in run_setup
          super().run_setup(setup_script=setup_script)
        File
      "/root/.cache/uv/builds-v0/.tmpKe6yC8/lib/python3.12/site-packages/setuptools/build_meta.py",
      line 320, in run_setup
          exec(code, locals())
        File "<string>", line 22, in <module>
      ModuleNotFoundError: No module named 'torch'

      hint: This error likely indicates that `flash-attn@2.7.4.post1`
      depends on `torch`, but doesn't declare it as a build dependency. If
      `flash-attn` is a first-party package, consider adding `torch` to its
      `build-system.requires`. Otherwise, `uv pip install torch` into the
      environment and re-run with `--no-build-isolation`.
