Using Python 3.12.3 environment at: .infsh/.venv
   Updating https://github.com/thu-ml/SageAttention.git (HEAD)
    Updated https://github.com/thu-ml/SageAttention.git (f6fa3c1d037dbab240617f1799432808590b4e90)
error: The build backend returned an error
  Caused by: Call to `setuptools.build_meta:__legacy__.build_wheel` failed (exit status: 1)

[stderr]
Traceback (most recent call last):
  File "<string>", line 14, in <module>
  File "/root/.cache/uv/builds-v0/.tmpMshwtl/lib/python3.12/site-packages/setuptools/build_meta.py", line 334, in get_requires_for_build_wheel
    return self._get_build_requires(config_settings, requirements=[])
           ^^^^^^^^^^^^^^^^^^^^^^^^^^^^^^^^^^^^^^^^^^^^^^^^^^^^^^^^^^
  File "/root/.cache/uv/builds-v0/.tmpMshwtl/lib/python3.12/site-packages/setuptools/build_meta.py", line 304, in _get_build_requires
    self.run_setup()
  File "/root/.cache/uv/builds-v0/.tmpMshwtl/lib/python3.12/site-packages/setuptools/build_meta.py", line 522, in run_setup
    super().run_setup(setup_script=setup_script)
  File "/root/.cache/uv/builds-v0/.tmpMshwtl/lib/python3.12/site-packages/setuptools/build_meta.py", line 320, in run_setup
    exec(code, locals())
  File "<string>", line 24, in <module>
ModuleNotFoundError: No module named 'torch'

hint: This error likely indicates that `git+https://github.com/thu-ml/SageAttention.git` depends on `torch`, but doesn't declare it as a build dependency. If `git+https://github.com/thu-ml/SageAttention.git` is a first-party package, consider adding `torch` to its `build-system.requires`. Otherwise, `uv pip install torch` into the environment and re-run with `--no-build-isolation`.
